<robot generator="Robot 6.1.1 (Python 3.9.19 on linux)" generated="20240501 17:31:45.598" rpa="false" schemaversion="4">
<suite id="s1">
<test id="s1-t1" name="Main">
<kw name="Init Drive" library="RPA.Cloud.Google">
<arg>token_file=/home/ec2-user/robot/devdata/6890ce78a1a11bdc1c62993c689fce0704cc547da6f81f7d2bba33b727b7c048.json</arg>
<tag>drive</tag>
<tag>init</tag>
<doc>Initialize Google Drive client</doc>
<msg timestamp="20240501 17:31:56.273" level="INFO">Authenticating with oauth token file</msg>
<status status="PASS" starttime="20240501 17:31:56.273" endtime="20240501 17:31:56.726"/>
</kw>
<kw name="Create Drive Directory" library="RPA.Cloud.Google">
<var>${created_drive}</var>
<arg>folder=Hehehe</arg>
<arg>parent_folder=Hehehe</arg>
<tag>drive</tag>
<doc>Create new directory to Google Drive</doc>
<msg timestamp="20240501 17:31:57.348" level="INFO">Found 6 directories with name 'Hehehe'</msg>
<msg timestamp="20240501 17:31:58.025" level="INFO">Found 6 directories with name 'Hehehe'</msg>
<msg timestamp="20240501 17:31:58.627" level="INFO">Found 6 directories with name 'Hehehe'</msg>
<msg timestamp="20240501 17:31:59.493" level="INFO">${created_drive} = {'id': '1By_spgX-bIwVgaOUGKZVFOudYRtM3BBr', 'url': 'https://drive.google.com/drive/folders/1By_spgX-bIwVgaOUGKZVFOudYRtM3BBr?usp=sharing'}</msg>
<status status="PASS" starttime="20240501 17:31:56.727" endtime="20240501 17:31:59.493"/>
</kw>
<status status="PASS" starttime="20240501 17:31:56.272" endtime="20240501 17:31:59.493"/>
</test>
<status status="PASS" starttime="20240501 17:31:45.599" endtime="20240501 17:31:59.493"/>
</suite>
<statistics>
<total>
<stat pass="1" fail="0" skip="0">All Tests</stat>
</total>
<tag> </tag>
<suite>
<stat pass="1" fail="0" skip="0" id="s1"/>
</suite>
</statistics>
<errors> </errors>
</robot>