<?xml version="1.0" encoding="UTF-8"?>
<robot generator="Robot 6.1.1 (Python 3.11.0 on win32)" generated="20240421 20:49:42.945" rpa="false" schemaversion="4">
<suite id="s1" name="Task" source="D:\Thesis\Project\Librabry\robot-development\tasks\task.robot">
<test id="s1-t1" name="Main" line="9">
<for flavor="IN">
<var>${person}</var>
<value>@{PERSONS}</value>
<iter>
<var name="${person}">{'name': 'Alice', 'age': 25}</var>
<kw name="Log To Console" library="BuiltIn">
<arg>${person["name"]} is ${person["age"]} years old</arg>
<doc>Logs the given message to the console.</doc>
<status status="PASS" starttime="20240421 20:49:42.971" endtime="20240421 20:49:42.971"/>
</kw>
<for flavor="IN">
<var>${element}</var>
<value>@{PERSONS}</value>
<iter>
<var name="${element}">{'name': 'Alice', 'age': 25}</var>
<kw name="Log" library="BuiltIn">
<arg>${element}</arg>
<doc>Logs the given message with the given level.</doc>
<msg timestamp="20240421 20:49:42.971" level="INFO">{'name': 'Alice', 'age': 25}</msg>
<status status="PASS" starttime="20240421 20:49:42.971" endtime="20240421 20:49:42.977"/>
</kw>
<status status="PASS" starttime="20240421 20:49:42.971" endtime="20240421 20:49:42.977"/>
</iter>
<iter>
<var name="${element}">{'name': 'Bob', 'age': 30}</var>
<kw name="Log" library="BuiltIn">
<arg>${element}</arg>
<doc>Logs the given message with the given level.</doc>
<msg timestamp="20240421 20:49:42.977" level="INFO">{'name': 'Bob', 'age': 30}</msg>
<status status="PASS" starttime="20240421 20:49:42.977" endtime="20240421 20:49:42.977"/>
</kw>
<status status="PASS" starttime="20240421 20:49:42.977" endtime="20240421 20:49:42.977"/>
</iter>
<iter>
<var name="${element}">{'name': 'Charlie', 'age': 35}</var>
<kw name="Log" library="BuiltIn">
<arg>${element}</arg>
<doc>Logs the given message with the given level.</doc>
<msg timestamp="20240421 20:49:42.977" level="INFO">{'name': 'Charlie', 'age': 35}</msg>
<status status="PASS" starttime="20240421 20:49:42.977" endtime="20240421 20:49:42.977"/>
</kw>
<status status="PASS" starttime="20240421 20:49:42.977" endtime="20240421 20:49:42.977"/>
</iter>
<status status="PASS" starttime="20240421 20:49:42.971" endtime="20240421 20:49:42.977"/>
</for>
<status status="PASS" starttime="20240421 20:49:42.971" endtime="20240421 20:49:42.977"/>
</iter>
<iter>
<var name="${person}">{'name': 'Bob', 'age': 30}</var>
<kw name="Log To Console" library="BuiltIn">
<arg>${person["name"]} is ${person["age"]} years old</arg>
<doc>Logs the given message to the console.</doc>
<status status="PASS" starttime="20240421 20:49:42.977" endtime="20240421 20:49:42.977"/>
</kw>
<for flavor="IN">
<var>${element}</var>
<value>@{PERSONS}</value>
<iter>
<var name="${element}">{'name': 'Alice', 'age': 25}</var>
<kw name="Log" library="BuiltIn">
<arg>${element}</arg>
<doc>Logs the given message with the given level.</doc>
<msg timestamp="20240421 20:49:42.977" level="INFO">{'name': 'Alice', 'age': 25}</msg>
<status status="PASS" starttime="20240421 20:49:42.977" endtime="20240421 20:49:42.977"/>
</kw>
<status status="PASS" starttime="20240421 20:49:42.977" endtime="20240421 20:49:42.977"/>
</iter>
<iter>
<var name="${element}">{'name': 'Bob', 'age': 30}</var>
<kw name="Log" library="BuiltIn">
<arg>${element}</arg>
<doc>Logs the given message with the given level.</doc>
<msg timestamp="20240421 20:49:42.977" level="INFO">{'name': 'Bob', 'age': 30}</msg>
<status status="PASS" starttime="20240421 20:49:42.977" endtime="20240421 20:49:42.977"/>
</kw>
<status status="PASS" starttime="20240421 20:49:42.977" endtime="20240421 20:49:42.977"/>
</iter>
<iter>
<var name="${element}">{'name': 'Charlie', 'age': 35}</var>
<kw name="Log" library="BuiltIn">
<arg>${element}</arg>
<doc>Logs the given message with the given level.</doc>
<msg timestamp="20240421 20:49:42.977" level="INFO">{'name': 'Charlie', 'age': 35}</msg>
<status status="PASS" starttime="20240421 20:49:42.977" endtime="20240421 20:49:42.977"/>
</kw>
<status status="PASS" starttime="20240421 20:49:42.977" endtime="20240421 20:49:42.977"/>
</iter>
<status status="PASS" starttime="20240421 20:49:42.977" endtime="20240421 20:49:42.977"/>
</for>
<status status="PASS" starttime="20240421 20:49:42.977" endtime="20240421 20:49:42.977"/>
</iter>
<iter>
<var name="${person}">{'name': 'Charlie', 'age': 35}</var>
<kw name="Log To Console" library="BuiltIn">
<arg>${person["name"]} is ${person["age"]} years old</arg>
<doc>Logs the given message to the console.</doc>
<status status="PASS" starttime="20240421 20:49:42.977" endtime="20240421 20:49:42.977"/>
</kw>
<for flavor="IN">
<var>${element}</var>
<value>@{PERSONS}</value>
<iter>
<var name="${element}">{'name': 'Alice', 'age': 25}</var>
<kw name="Log" library="BuiltIn">
<arg>${element}</arg>
<doc>Logs the given message with the given level.</doc>
<msg timestamp="20240421 20:49:42.977" level="INFO">{'name': 'Alice', 'age': 25}</msg>
<status status="PASS" starttime="20240421 20:49:42.977" endtime="20240421 20:49:42.977"/>
</kw>
<status status="PASS" starttime="20240421 20:49:42.977" endtime="20240421 20:49:42.977"/>
</iter>
<iter>
<var name="${element}">{'name': 'Bob', 'age': 30}</var>
<kw name="Log" library="BuiltIn">
<arg>${element}</arg>
<doc>Logs the given message with the given level.</doc>
<msg timestamp="20240421 20:49:42.977" level="INFO">{'name': 'Bob', 'age': 30}</msg>
<status status="PASS" starttime="20240421 20:49:42.977" endtime="20240421 20:49:42.977"/>
</kw>
<status status="PASS" starttime="20240421 20:49:42.977" endtime="20240421 20:49:42.977"/>
</iter>
<iter>
<var name="${element}">{'name': 'Charlie', 'age': 35}</var>
<kw name="Log" library="BuiltIn">
<arg>${element}</arg>
<doc>Logs the given message with the given level.</doc>
<msg timestamp="20240421 20:49:42.977" level="INFO">{'name': 'Charlie', 'age': 35}</msg>
<status status="PASS" starttime="20240421 20:49:42.977" endtime="20240421 20:49:42.977"/>
</kw>
<status status="PASS" starttime="20240421 20:49:42.977" endtime="20240421 20:49:42.977"/>
</iter>
<status status="PASS" starttime="20240421 20:49:42.977" endtime="20240421 20:49:42.977"/>
</for>
<status status="PASS" starttime="20240421 20:49:42.977" endtime="20240421 20:49:42.977"/>
</iter>
<status status="PASS" starttime="20240421 20:49:42.971" endtime="20240421 20:49:42.977"/>
</for>
<kw name="Set Variable" library="BuiltIn">
<var>${a}</var>
<arg>1</arg>
<doc>Returns the given values which can then be assigned to a variables.</doc>
<msg timestamp="20240421 20:49:42.977" level="INFO">${a} = 1</msg>
<status status="PASS" starttime="20240421 20:49:42.977" endtime="20240421 20:49:42.977"/>
</kw>
<if>
<branch type="IF" condition="${a} == 1">
<kw name="Log To Console" library="BuiltIn">
<arg>${True}</arg>
<doc>Logs the given message to the console.</doc>
<status status="PASS" starttime="20240421 20:49:42.977" endtime="20240421 20:49:42.977"/>
</kw>
<status status="PASS" starttime="20240421 20:49:42.977" endtime="20240421 20:49:42.977"/>
</branch>
<branch type="ELSE IF" condition="${a} == 2">
<kw name="Log To Console" library="BuiltIn">
<arg>${False}</arg>
<doc>Logs the given message to the console.</doc>
<status status="NOT RUN" starttime="20240421 20:49:42.977" endtime="20240421 20:49:42.977"/>
</kw>
<status status="NOT RUN" starttime="20240421 20:49:42.977" endtime="20240421 20:49:42.977"/>
</branch>
<status status="PASS" starttime="20240421 20:49:42.977" endtime="20240421 20:49:42.977"/>
</if>
<kw name="Log To Console" library="BuiltIn">
<arg>${PERSONS_NESTED_OBJECT["data"]}</arg>
<doc>Logs the given message to the console.</doc>
<status status="PASS" starttime="20240421 20:49:42.977" endtime="20240421 20:49:42.983"/>
</kw>
<kw name="Log To Console" library="BuiltIn">
<arg>${PERSONS_NESTED_OBJECT["data"]}</arg>
<doc>Logs the given message to the console.</doc>
<status status="PASS" starttime="20240421 20:49:42.983" endtime="20240421 20:49:42.984"/>
</kw>
<status status="PASS" starttime="20240421 20:49:42.971" endtime="20240421 20:49:42.984"/>
</test>
<status status="PASS" starttime="20240421 20:49:42.945" endtime="20240421 20:49:42.984"/>
</suite>
<statistics>
<total>
<stat pass="1" fail="0" skip="0">All Tests</stat>
</total>
<tag>
</tag>
<suite>
<stat pass="1" fail="0" skip="0" id="s1" name="Task">Task</stat>
</suite>
</statistics>
<errors>
</errors>
</robot>
